<?xml version="1.0" encoding="UTF-8"?>
<!-- Generated by org.testng.reporters.JUnitReportReporter -->
<testsuite hostname="MAA125CD0141R61" failures="0" tests="3" name="projecttestcases.LoginTC1" time="6.015" errors="0" timestamp="2022-07-24T11:24:03 IST" skipped="0">
  <testcase classname="projecttestcases.LoginTC1" name="login" time="4.272"/>
  <system-out/>
  <testcase classname="projecttestcases.LoginTC1" name="myinfo" time="1.604"/>
  <system-out/>
  <testcase classname="projecttestcases.LoginTC1" name="getpagetitle" time="0.139"/>
  <system-out/>
</testsuite> <!-- projecttestcases.LoginTC1 -->
