<?xml version="1.0" encoding="UTF-8"?>
<!-- Generated by org.testng.reporters.JUnitReportReporter -->
<testsuite hostname="MAA125CD0141R61" failures="0" tests="5" name="projecttestcases.LoginTC2datadriven" time="12.623" errors="0" timestamp="2022-01-31T19:25:18 IST" skipped="0">
  <testcase classname="projecttestcases.LoginTC2datadriven" name="login" time="2.117"/>
  <system-out/>
  <testcase classname="projecttestcases.LoginTC2datadriven" name="login" time="2.175"/>
  <system-out/>
  <testcase classname="projecttestcases.LoginTC2datadriven" name="login" time="4.259"/>
  <system-out/>
  <testcase classname="projecttestcases.LoginTC2datadriven" name="login" time="2.041"/>
  <system-out/>
  <testcase classname="projecttestcases.LoginTC2datadriven" name="login" time="2.031"/>
  <system-out/>
</testsuite> <!-- projecttestcases.LoginTC2datadriven -->
