<?xml version="1.0" encoding="UTF-8"?>
<!-- Generated by org.testng.reporters.JUnitReportReporter -->
<testsuite hostname="MAA125CD0141R61" failures="0" tests="1" name="utilities.Reports" time="0.787" errors="0" timestamp="2022-01-29T13:57:04 IST" skipped="0">
  <testcase classname="utilities.Reports" name="Onstart" time="0.787"/>
  <system-out/>
</testsuite> <!-- utilities.Reports -->
