<?xml version="1.0" encoding="UTF-8"?>
<!-- Generated by org.testng.reporters.JUnitReportReporter -->
<testsuite hostname="MAA125CD0141R61" failures="0" tests="1" name="projecttestcases.MyfopageTC3" time="0.489" errors="0" timestamp="2022-02-01T19:03:07 IST" skipped="0">
  <testcase classname="projecttestcases.MyfopageTC3" name="myfodetail" time="0.489"/>
  <system-out/>
</testsuite> <!-- projecttestcases.MyfopageTC3 -->
