<?xml version="1.0" encoding="UTF-8"?>
<!-- Generated by org.testng.reporters.JUnitReportReporter -->
<testsuite hostname="MAA125CD0141R61" failures="0" tests="3" name="projecttestcases.LoginTC1" time="6.112" errors="0" timestamp="2022-02-05T13:24:54 IST" skipped="0">
  <testcase classname="projecttestcases.LoginTC1" name="login" time="4.385"/>
  <system-out/>
  <testcase classname="projecttestcases.LoginTC1" name="myinfo" time="1.622"/>
  <system-out/>
  <testcase classname="projecttestcases.LoginTC1" name="getpagetitle" time="0.105"/>
  <system-out/>
</testsuite> <!-- projecttestcases.LoginTC1 -->
